{"D:\\YandexPracticum\\dev\\stellar-burger-project\\src\\services\\root-reducer.ts": {"path":"D:\\YandexPracticum\\dev\\stellar-burger-project\\src\\services\\root-reducer.ts","all":true,"statementMap":{"0":{"start":{"line":1,"column":0},"end":{"line":1,"column":51}},"1":{"start":{"line":2,"column":0},"end":{"line":2,"column":8}},"2":{"start":{"line":3,"column":0},"end":{"line":3,"column":19}},"3":{"start":{"line":4,"column":0},"end":{"line":4,"column":25}},"4":{"start":{"line":5,"column":0},"end":{"line":5,"column":14}},"5":{"start":{"line":6,"column":0},"end":{"line":6,"column":12}},"6":{"start":{"line":7,"column":0},"end":{"line":7,"column":18}},"7":{"start":{"line":8,"column":0},"end":{"line":8,"column":11}},"8":{"start":{"line":9,"column":0},"end":{"line":9,"column":17}},"9":{"start":{"line":10,"column":0},"end":{"line":10,"column":0}},"10":{"start":{"line":11,"column":0},"end":{"line":11,"column":44}},"11":{"start":{"line":12,"column":0},"end":{"line":12,"column":40}},"12":{"start":{"line":13,"column":0},"end":{"line":13,"column":55}},"13":{"start":{"line":14,"column":0},"end":{"line":14,"column":30}},"14":{"start":{"line":15,"column":0},"end":{"line":15,"column":26}},"15":{"start":{"line":16,"column":0},"end":{"line":16,"column":41}},"16":{"start":{"line":17,"column":0},"end":{"line":17,"column":34}},"17":{"start":{"line":18,"column":0},"end":{"line":18,"column":3}}},"s":{"0":0,"1":0,"2":0,"3":0,"4":0,"5":0,"6":0,"7":0,"8":0,"9":0,"10":0,"11":0,"12":0,"13":0,"14":0,"15":0,"16":0,"17":0},"branchMap":{"0":{"type":"branch","line":1,"loc":{"start":{"line":1,"column":0},"end":{"line":18,"column":3}},"locations":[{"start":{"line":1,"column":0},"end":{"line":18,"column":3}}]}},"b":{"0":[0]},"fnMap":{"0":{"name":"(empty-report)","decl":{"start":{"line":1,"column":0},"end":{"line":18,"column":3}},"loc":{"start":{"line":1,"column":0},"end":{"line":18,"column":3}},"line":1}},"f":{"0":0}}
,"D:\\YandexPracticum\\dev\\stellar-burger-project\\src\\services\\slices\\burger-constructor\\slice.ts": {"path":"D:\\YandexPracticum\\dev\\stellar-burger-project\\src\\services\\slices\\burger-constructor\\slice.ts","all":false,"statementMap":{"0":{"start":{"line":1,"column":0},"end":{"line":1,"column":70}},"1":{"start":{"line":2,"column":0},"end":{"line":2,"column":67}},"2":{"start":{"line":3,"column":0},"end":{"line":3,"column":0}},"3":{"start":{"line":4,"column":0},"end":{"line":4,"column":44}},"4":{"start":{"line":5,"column":0},"end":{"line":5,"column":40}},"5":{"start":{"line":6,"column":0},"end":{"line":6,"column":37}},"6":{"start":{"line":7,"column":0},"end":{"line":7,"column":2}},"7":{"start":{"line":8,"column":0},"end":{"line":8,"column":0}},"8":{"start":{"line":9,"column":0},"end":{"line":9,"column":59}},"9":{"start":{"line":10,"column":0},"end":{"line":10,"column":18}},"10":{"start":{"line":11,"column":0},"end":{"line":11,"column":11}},"11":{"start":{"line":12,"column":0},"end":{"line":12,"column":2}},"12":{"start":{"line":13,"column":0},"end":{"line":13,"column":0}},"13":{"start":{"line":14,"column":0},"end":{"line":14,"column":51}},"14":{"start":{"line":15,"column":0},"end":{"line":15,"column":29}},"15":{"start":{"line":16,"column":0},"end":{"line":16,"column":15}},"16":{"start":{"line":17,"column":0},"end":{"line":17,"column":13}},"17":{"start":{"line":18,"column":0},"end":{"line":18,"column":20}},"18":{"start":{"line":19,"column":0},"end":{"line":19,"column":46}},"19":{"start":{"line":20,"column":0},"end":{"line":20,"column":48}},"20":{"start":{"line":21,"column":0},"end":{"line":21,"column":9}},"21":{"start":{"line":22,"column":0},"end":{"line":22,"column":74}},"22":{"start":{"line":23,"column":0},"end":{"line":23,"column":70}},"23":{"start":{"line":24,"column":0},"end":{"line":24,"column":52}},"24":{"start":{"line":25,"column":0},"end":{"line":25,"column":7}},"25":{"start":{"line":26,"column":0},"end":{"line":26,"column":6}},"26":{"start":{"line":27,"column":0},"end":{"line":27,"column":65}},"27":{"start":{"line":28,"column":0},"end":{"line":28,"column":51}},"28":{"start":{"line":29,"column":0},"end":{"line":29,"column":44}},"29":{"start":{"line":30,"column":0},"end":{"line":30,"column":8}},"30":{"start":{"line":31,"column":0},"end":{"line":31,"column":6}},"31":{"start":{"line":32,"column":0},"end":{"line":32,"column":25}},"32":{"start":{"line":33,"column":0},"end":{"line":33,"column":12}},"33":{"start":{"line":34,"column":0},"end":{"line":34,"column":57}},"34":{"start":{"line":35,"column":0},"end":{"line":35,"column":10}},"35":{"start":{"line":36,"column":0},"end":{"line":36,"column":42}},"36":{"start":{"line":37,"column":0},"end":{"line":37,"column":49}},"37":{"start":{"line":38,"column":0},"end":{"line":38,"column":64}},"38":{"start":{"line":39,"column":0},"end":{"line":39,"column":38}},"39":{"start":{"line":40,"column":0},"end":{"line":40,"column":6}},"40":{"start":{"line":41,"column":0},"end":{"line":41,"column":55}},"41":{"start":{"line":42,"column":0},"end":{"line":42,"column":4}},"42":{"start":{"line":43,"column":0},"end":{"line":43,"column":14}},"43":{"start":{"line":44,"column":0},"end":{"line":44,"column":39}},"44":{"start":{"line":45,"column":0},"end":{"line":45,"column":3}},"45":{"start":{"line":46,"column":0},"end":{"line":46,"column":3}},"46":{"start":{"line":47,"column":0},"end":{"line":47,"column":0}},"47":{"start":{"line":48,"column":0},"end":{"line":48,"column":41}},"48":{"start":{"line":49,"column":0},"end":{"line":49,"column":35}},"49":{"start":{"line":50,"column":0},"end":{"line":50,"column":2}}},"s":{"0":1,"1":1,"2":1,"3":1,"4":1,"5":1,"6":1,"7":1,"8":1,"9":1,"10":1,"11":1,"12":1,"13":1,"14":1,"15":1,"16":1,"17":1,"18":1,"19":1,"20":1,"21":1,"22":2,"23":1,"24":2,"25":1,"26":1,"27":1,"28":1,"29":1,"30":1,"31":1,"32":1,"33":1,"34":1,"35":1,"36":1,"37":1,"38":1,"39":1,"40":1,"41":1,"42":1,"43":1,"44":1,"45":1,"46":1,"47":1,"48":1,"49":1},"branchMap":{"0":{"type":"branch","line":19,"loc":{"start":{"line":19,"column":15},"end":{"line":19,"column":45}},"locations":[{"start":{"line":19,"column":15},"end":{"line":19,"column":45}}]},"1":{"type":"branch","line":22,"loc":{"start":{"line":22,"column":15},"end":{"line":25,"column":7}},"locations":[{"start":{"line":22,"column":15},"end":{"line":25,"column":7}}]},"2":{"type":"branch","line":23,"loc":{"start":{"line":23,"column":43},"end":{"line":24,"column":52}},"locations":[{"start":{"line":23,"column":43},"end":{"line":24,"column":52}}]},"3":{"type":"branch","line":27,"loc":{"start":{"line":27,"column":22},"end":{"line":31,"column":5}},"locations":[{"start":{"line":27,"column":22},"end":{"line":31,"column":5}}]},"4":{"type":"branch","line":29,"loc":{"start":{"line":29,"column":8},"end":{"line":29,"column":22}},"locations":[{"start":{"line":29,"column":8},"end":{"line":29,"column":22}}]},"5":{"type":"branch","line":32,"loc":{"start":{"line":32,"column":24},"end":{"line":40,"column":5}},"locations":[{"start":{"line":32,"column":24},"end":{"line":40,"column":5}}]},"6":{"type":"branch","line":41,"loc":{"start":{"line":41,"column":22},"end":{"line":41,"column":34}},"locations":[{"start":{"line":41,"column":22},"end":{"line":41,"column":34}}]}},"b":{"0":[2],"1":[2],"2":[1],"3":[1],"4":[3],"5":[1],"6":[1]},"fnMap":{"0":{"name":"prepare","decl":{"start":{"line":19,"column":15},"end":{"line":19,"column":45}},"loc":{"start":{"line":19,"column":15},"end":{"line":19,"column":45}},"line":19},"1":{"name":"reducer","decl":{"start":{"line":22,"column":15},"end":{"line":25,"column":7}},"loc":{"start":{"line":22,"column":15},"end":{"line":25,"column":7}},"line":22},"2":{"name":"removeIngredient","decl":{"start":{"line":27,"column":22},"end":{"line":31,"column":5}},"loc":{"start":{"line":27,"column":22},"end":{"line":31,"column":5}},"line":27},"3":{"name":"reorderIngredients","decl":{"start":{"line":32,"column":24},"end":{"line":40,"column":5}},"loc":{"start":{"line":32,"column":24},"end":{"line":40,"column":5}},"line":32},"4":{"name":"clearIngredients","decl":{"start":{"line":41,"column":22},"end":{"line":41,"column":34}},"loc":{"start":{"line":41,"column":22},"end":{"line":41,"column":34}},"line":41},"5":{"name":"selectIngredients","decl":{"start":{"line":44,"column":23},"end":{"line":44,"column":39}},"loc":{"start":{"line":44,"column":23},"end":{"line":44,"column":39}},"line":44}},"f":{"0":2,"1":2,"2":1,"3":1,"4":1,"5":0}}
,"D:\\YandexPracticum\\dev\\stellar-burger-project\\src\\services\\slices\\feed\\slice.ts": {"path":"D:\\YandexPracticum\\dev\\stellar-burger-project\\src\\services\\slices\\feed\\slice.ts","all":false,"statementMap":{"0":{"start":{"line":1,"column":0},"end":{"line":1,"column":65}},"1":{"start":{"line":2,"column":0},"end":{"line":2,"column":61}},"2":{"start":{"line":3,"column":0},"end":{"line":3,"column":35}},"3":{"start":{"line":4,"column":0},"end":{"line":4,"column":0}},"4":{"start":{"line":5,"column":0},"end":{"line":5,"column":59}},"5":{"start":{"line":6,"column":0},"end":{"line":6,"column":25}},"6":{"start":{"line":7,"column":0},"end":{"line":7,"column":13}},"7":{"start":{"line":8,"column":0},"end":{"line":8,"column":2}},"8":{"start":{"line":9,"column":0},"end":{"line":9,"column":0}},"9":{"start":{"line":10,"column":0},"end":{"line":10,"column":67}},"10":{"start":{"line":11,"column":0},"end":{"line":11,"column":0}},"11":{"start":{"line":12,"column":0},"end":{"line":12,"column":52}},"12":{"start":{"line":13,"column":0},"end":{"line":13,"column":13}},"13":{"start":{"line":14,"column":0},"end":{"line":14,"column":11}},"14":{"start":{"line":15,"column":0},"end":{"line":15,"column":16}},"15":{"start":{"line":16,"column":0},"end":{"line":16,"column":19}},"16":{"start":{"line":17,"column":0},"end":{"line":17,"column":13}},"17":{"start":{"line":18,"column":0},"end":{"line":18,"column":2}},"18":{"start":{"line":19,"column":0},"end":{"line":19,"column":0}},"19":{"start":{"line":20,"column":0},"end":{"line":20,"column":38}},"20":{"start":{"line":21,"column":0},"end":{"line":21,"column":22}},"21":{"start":{"line":22,"column":0},"end":{"line":22,"column":15}},"22":{"start":{"line":23,"column":0},"end":{"line":23,"column":15}},"23":{"start":{"line":24,"column":0},"end":{"line":24,"column":31}},"24":{"start":{"line":25,"column":0},"end":{"line":25,"column":11}},"25":{"start":{"line":26,"column":0},"end":{"line":26,"column":50}},"26":{"start":{"line":27,"column":0},"end":{"line":27,"column":31}},"27":{"start":{"line":28,"column":0},"end":{"line":28,"column":27}},"28":{"start":{"line":29,"column":0},"end":{"line":29,"column":8}},"29":{"start":{"line":30,"column":0},"end":{"line":30,"column":59}},"30":{"start":{"line":31,"column":0},"end":{"line":31,"column":32}},"31":{"start":{"line":32,"column":0},"end":{"line":32,"column":51}},"32":{"start":{"line":33,"column":0},"end":{"line":33,"column":8}},"33":{"start":{"line":34,"column":0},"end":{"line":34,"column":60}},"34":{"start":{"line":35,"column":0},"end":{"line":35,"column":32}},"35":{"start":{"line":36,"column":0},"end":{"line":36,"column":45}},"36":{"start":{"line":37,"column":0},"end":{"line":37,"column":43}},"37":{"start":{"line":38,"column":0},"end":{"line":38,"column":53}},"38":{"start":{"line":39,"column":0},"end":{"line":39,"column":9}},"39":{"start":{"line":40,"column":0},"end":{"line":40,"column":4}},"40":{"start":{"line":41,"column":0},"end":{"line":41,"column":14}},"41":{"start":{"line":42,"column":0},"end":{"line":42,"column":42}},"42":{"start":{"line":43,"column":0},"end":{"line":43,"column":40}},"43":{"start":{"line":44,"column":0},"end":{"line":44,"column":50}},"44":{"start":{"line":45,"column":0},"end":{"line":45,"column":48}},"45":{"start":{"line":46,"column":0},"end":{"line":46,"column":39}},"46":{"start":{"line":47,"column":0},"end":{"line":47,"column":3}},"47":{"start":{"line":48,"column":0},"end":{"line":48,"column":3}},"48":{"start":{"line":49,"column":0},"end":{"line":49,"column":0}},"49":{"start":{"line":50,"column":0},"end":{"line":50,"column":28}},"50":{"start":{"line":51,"column":0},"end":{"line":51,"column":23}},"51":{"start":{"line":52,"column":0},"end":{"line":52,"column":15}},"52":{"start":{"line":53,"column":0},"end":{"line":53,"column":2}}},"s":{"0":1,"1":1,"2":1,"3":1,"4":1,"5":1,"6":1,"7":1,"8":1,"9":1,"10":1,"11":1,"12":1,"13":1,"14":1,"15":1,"16":1,"17":1,"18":1,"19":1,"20":1,"21":1,"22":1,"23":1,"24":1,"25":1,"26":1,"27":1,"28":1,"29":1,"30":2,"31":2,"32":1,"33":1,"34":1,"35":1,"36":1,"37":1,"38":1,"39":1,"40":1,"41":1,"42":1,"43":1,"44":1,"45":1,"46":1,"47":1,"48":1,"49":1,"50":1,"51":1,"52":1},"branchMap":{"0":{"type":"branch","line":24,"loc":{"start":{"line":24,"column":17},"end":{"line":40,"column":3}},"locations":[{"start":{"line":24,"column":17},"end":{"line":40,"column":3}}]},"1":{"type":"branch","line":26,"loc":{"start":{"line":26,"column":38},"end":{"line":29,"column":7}},"locations":[{"start":{"line":26,"column":38},"end":{"line":29,"column":7}}]},"2":{"type":"branch","line":30,"loc":{"start":{"line":30,"column":39},"end":{"line":33,"column":7}},"locations":[{"start":{"line":30,"column":39},"end":{"line":33,"column":7}}]},"3":{"type":"branch","line":32,"loc":{"start":{"line":32,"column":42},"end":{"line":32,"column":50}},"locations":[{"start":{"line":32,"column":42},"end":{"line":32,"column":50}}]},"4":{"type":"branch","line":34,"loc":{"start":{"line":34,"column":40},"end":{"line":39,"column":7}},"locations":[{"start":{"line":34,"column":40},"end":{"line":39,"column":7}}]}},"b":{"0":[1],"1":[1],"2":[2],"3":[1],"4":[1]},"fnMap":{"0":{"name":"extraReducers","decl":{"start":{"line":24,"column":17},"end":{"line":40,"column":3}},"loc":{"start":{"line":24,"column":17},"end":{"line":40,"column":3}},"line":24},"1":{"name":"selectOrders","decl":{"start":{"line":42,"column":18},"end":{"line":42,"column":34}},"loc":{"start":{"line":42,"column":18},"end":{"line":42,"column":34}},"line":42},"2":{"name":"selectTotal","decl":{"start":{"line":43,"column":17},"end":{"line":43,"column":33}},"loc":{"start":{"line":43,"column":17},"end":{"line":43,"column":33}},"line":43},"3":{"name":"selectTotalToday","decl":{"start":{"line":44,"column":22},"end":{"line":44,"column":38}},"loc":{"start":{"line":44,"column":22},"end":{"line":44,"column":38}},"line":44},"4":{"name":"selectIsLoading","decl":{"start":{"line":45,"column":21},"end":{"line":45,"column":37}},"loc":{"start":{"line":45,"column":21},"end":{"line":45,"column":37}},"line":45},"5":{"name":"selectError","decl":{"start":{"line":46,"column":17},"end":{"line":46,"column":33}},"loc":{"start":{"line":46,"column":17},"end":{"line":46,"column":33}},"line":46}},"f":{"0":1,"1":0,"2":0,"3":0,"4":0,"5":0}}
,"D:\\YandexPracticum\\dev\\stellar-burger-project\\src\\services\\slices\\ingredients\\slice.ts": {"path":"D:\\YandexPracticum\\dev\\stellar-burger-project\\src\\services\\slices\\ingredients\\slice.ts","all":false,"statementMap":{"0":{"start":{"line":1,"column":0},"end":{"line":1,"column":65}},"1":{"start":{"line":2,"column":0},"end":{"line":2,"column":61}},"2":{"start":{"line":3,"column":0},"end":{"line":3,"column":41}},"3":{"start":{"line":4,"column":0},"end":{"line":4,"column":0}},"4":{"start":{"line":5,"column":0},"end":{"line":5,"column":67}},"5":{"start":{"line":6,"column":0},"end":{"line":6,"column":31}},"6":{"start":{"line":7,"column":0},"end":{"line":7,"column":19}},"7":{"start":{"line":8,"column":0},"end":{"line":8,"column":2}},"8":{"start":{"line":9,"column":0},"end":{"line":9,"column":0}},"9":{"start":{"line":10,"column":0},"end":{"line":10,"column":57}},"10":{"start":{"line":11,"column":0},"end":{"line":11,"column":29}},"11":{"start":{"line":12,"column":0},"end":{"line":12,"column":2}},"12":{"start":{"line":13,"column":0},"end":{"line":13,"column":0}},"13":{"start":{"line":14,"column":0},"end":{"line":14,"column":53}},"14":{"start":{"line":15,"column":0},"end":{"line":15,"column":18}},"15":{"start":{"line":16,"column":0},"end":{"line":16,"column":19}},"16":{"start":{"line":17,"column":0},"end":{"line":17,"column":13}},"17":{"start":{"line":18,"column":0},"end":{"line":18,"column":2}},"18":{"start":{"line":19,"column":0},"end":{"line":19,"column":0}},"19":{"start":{"line":20,"column":0},"end":{"line":20,"column":45}},"20":{"start":{"line":21,"column":0},"end":{"line":21,"column":22}},"21":{"start":{"line":22,"column":0},"end":{"line":22,"column":15}},"22":{"start":{"line":23,"column":0},"end":{"line":23,"column":15}},"23":{"start":{"line":24,"column":0},"end":{"line":24,"column":31}},"24":{"start":{"line":25,"column":0},"end":{"line":25,"column":11}},"25":{"start":{"line":26,"column":0},"end":{"line":26,"column":56}},"26":{"start":{"line":27,"column":0},"end":{"line":27,"column":31}},"27":{"start":{"line":28,"column":0},"end":{"line":28,"column":27}},"28":{"start":{"line":29,"column":0},"end":{"line":29,"column":8}},"29":{"start":{"line":30,"column":0},"end":{"line":30,"column":65}},"30":{"start":{"line":31,"column":0},"end":{"line":31,"column":32}},"31":{"start":{"line":32,"column":0},"end":{"line":32,"column":51}},"32":{"start":{"line":33,"column":0},"end":{"line":33,"column":8}},"33":{"start":{"line":34,"column":0},"end":{"line":34,"column":66}},"34":{"start":{"line":35,"column":0},"end":{"line":35,"column":32}},"35":{"start":{"line":36,"column":0},"end":{"line":36,"column":43}},"36":{"start":{"line":37,"column":0},"end":{"line":37,"column":9}},"37":{"start":{"line":38,"column":0},"end":{"line":38,"column":4}},"38":{"start":{"line":39,"column":0},"end":{"line":39,"column":14}},"39":{"start":{"line":40,"column":0},"end":{"line":40,"column":52}},"40":{"start":{"line":41,"column":0},"end":{"line":41,"column":48}},"41":{"start":{"line":42,"column":0},"end":{"line":42,"column":39}},"42":{"start":{"line":43,"column":0},"end":{"line":43,"column":3}},"43":{"start":{"line":44,"column":0},"end":{"line":44,"column":3}},"44":{"start":{"line":45,"column":0},"end":{"line":45,"column":0}},"45":{"start":{"line":46,"column":0},"end":{"line":46,"column":35}},"46":{"start":{"line":47,"column":0},"end":{"line":47,"column":30}},"47":{"start":{"line":48,"column":0},"end":{"line":48,"column":21}},"48":{"start":{"line":49,"column":0},"end":{"line":49,"column":2}}},"s":{"0":1,"1":1,"2":1,"3":1,"4":1,"5":1,"6":1,"7":1,"8":1,"9":1,"10":1,"11":1,"12":1,"13":1,"14":1,"15":1,"16":1,"17":1,"18":1,"19":1,"20":1,"21":1,"22":1,"23":1,"24":1,"25":1,"26":1,"27":1,"28":1,"29":1,"30":2,"31":2,"32":1,"33":1,"34":1,"35":1,"36":1,"37":1,"38":1,"39":1,"40":1,"41":1,"42":1,"43":1,"44":1,"45":1,"46":1,"47":1,"48":1},"branchMap":{"0":{"type":"branch","line":24,"loc":{"start":{"line":24,"column":17},"end":{"line":38,"column":3}},"locations":[{"start":{"line":24,"column":17},"end":{"line":38,"column":3}}]},"1":{"type":"branch","line":26,"loc":{"start":{"line":26,"column":44},"end":{"line":29,"column":7}},"locations":[{"start":{"line":26,"column":44},"end":{"line":29,"column":7}}]},"2":{"type":"branch","line":30,"loc":{"start":{"line":30,"column":45},"end":{"line":33,"column":7}},"locations":[{"start":{"line":30,"column":45},"end":{"line":33,"column":7}}]},"3":{"type":"branch","line":32,"loc":{"start":{"line":32,"column":42},"end":{"line":32,"column":50}},"locations":[{"start":{"line":32,"column":42},"end":{"line":32,"column":50}}]},"4":{"type":"branch","line":34,"loc":{"start":{"line":34,"column":46},"end":{"line":37,"column":7}},"locations":[{"start":{"line":34,"column":46},"end":{"line":37,"column":7}}]}},"b":{"0":[1],"1":[1],"2":[2],"3":[1],"4":[1]},"fnMap":{"0":{"name":"extraReducers","decl":{"start":{"line":24,"column":17},"end":{"line":38,"column":3}},"loc":{"start":{"line":24,"column":17},"end":{"line":38,"column":3}},"line":24},"1":{"name":"selectIngredients","decl":{"start":{"line":40,"column":23},"end":{"line":40,"column":39}},"loc":{"start":{"line":40,"column":23},"end":{"line":40,"column":39}},"line":40},"2":{"name":"selectIsLoading","decl":{"start":{"line":41,"column":21},"end":{"line":41,"column":37}},"loc":{"start":{"line":41,"column":21},"end":{"line":41,"column":37}},"line":41},"3":{"name":"selectError","decl":{"start":{"line":42,"column":17},"end":{"line":42,"column":33}},"loc":{"start":{"line":42,"column":17},"end":{"line":42,"column":33}},"line":42}},"f":{"0":1,"1":0,"2":0,"3":0}}
,"D:\\YandexPracticum\\dev\\stellar-burger-project\\src\\services\\slices\\orders\\slice.ts": {"path":"D:\\YandexPracticum\\dev\\stellar-burger-project\\src\\services\\slices\\orders\\slice.ts","all":false,"statementMap":{"0":{"start":{"line":1,"column":0},"end":{"line":1,"column":65}},"1":{"start":{"line":2,"column":0},"end":{"line":2,"column":56}},"2":{"start":{"line":3,"column":0},"end":{"line":3,"column":59}},"3":{"start":{"line":4,"column":0},"end":{"line":4,"column":0}},"4":{"start":{"line":5,"column":0},"end":{"line":5,"column":54}},"5":{"start":{"line":6,"column":0},"end":{"line":6,"column":23}},"6":{"start":{"line":7,"column":0},"end":{"line":7,"column":8}},"7":{"start":{"line":8,"column":0},"end":{"line":8,"column":50}},"8":{"start":{"line":9,"column":0},"end":{"line":9,"column":0}},"9":{"start":{"line":10,"column":0},"end":{"line":10,"column":52}},"10":{"start":{"line":11,"column":0},"end":{"line":11,"column":20}},"11":{"start":{"line":12,"column":0},"end":{"line":12,"column":10}},"12":{"start":{"line":13,"column":0},"end":{"line":13,"column":43}},"13":{"start":{"line":14,"column":0},"end":{"line":14,"column":0}},"14":{"start":{"line":15,"column":0},"end":{"line":15,"column":52}},"15":{"start":{"line":16,"column":0},"end":{"line":16,"column":30}},"16":{"start":{"line":17,"column":0},"end":{"line":17,"column":26}},"17":{"start":{"line":18,"column":0},"end":{"line":18,"column":2}},"18":{"start":{"line":19,"column":0},"end":{"line":19,"column":0}},"19":{"start":{"line":20,"column":0},"end":{"line":20,"column":48}},"20":{"start":{"line":21,"column":0},"end":{"line":21,"column":21}},"21":{"start":{"line":22,"column":0},"end":{"line":22,"column":17}},"22":{"start":{"line":23,"column":0},"end":{"line":23,"column":19}},"23":{"start":{"line":24,"column":0},"end":{"line":24,"column":13}},"24":{"start":{"line":25,"column":0},"end":{"line":25,"column":2}},"25":{"start":{"line":26,"column":0},"end":{"line":26,"column":0}},"26":{"start":{"line":27,"column":0},"end":{"line":27,"column":40}},"27":{"start":{"line":28,"column":0},"end":{"line":28,"column":17}},"28":{"start":{"line":29,"column":0},"end":{"line":29,"column":15}},"29":{"start":{"line":30,"column":0},"end":{"line":30,"column":13}},"30":{"start":{"line":31,"column":0},"end":{"line":31,"column":31}},"31":{"start":{"line":32,"column":0},"end":{"line":32,"column":28}},"32":{"start":{"line":33,"column":0},"end":{"line":33,"column":5}},"33":{"start":{"line":34,"column":0},"end":{"line":34,"column":4}},"34":{"start":{"line":35,"column":0},"end":{"line":35,"column":31}},"35":{"start":{"line":36,"column":0},"end":{"line":36,"column":11}},"36":{"start":{"line":37,"column":0},"end":{"line":37,"column":58}},"37":{"start":{"line":38,"column":0},"end":{"line":38,"column":31}},"38":{"start":{"line":39,"column":0},"end":{"line":39,"column":34}},"39":{"start":{"line":40,"column":0},"end":{"line":40,"column":27}},"40":{"start":{"line":41,"column":0},"end":{"line":41,"column":8}},"41":{"start":{"line":42,"column":0},"end":{"line":42,"column":67}},"42":{"start":{"line":43,"column":0},"end":{"line":43,"column":32}},"43":{"start":{"line":44,"column":0},"end":{"line":44,"column":51}},"44":{"start":{"line":45,"column":0},"end":{"line":45,"column":8}},"45":{"start":{"line":46,"column":0},"end":{"line":46,"column":68}},"46":{"start":{"line":47,"column":0},"end":{"line":47,"column":32}},"47":{"start":{"line":48,"column":0},"end":{"line":48,"column":54}},"48":{"start":{"line":49,"column":0},"end":{"line":49,"column":8}},"49":{"start":{"line":50,"column":0},"end":{"line":50,"column":56}},"50":{"start":{"line":51,"column":0},"end":{"line":51,"column":31}},"51":{"start":{"line":52,"column":0},"end":{"line":52,"column":27}},"52":{"start":{"line":53,"column":0},"end":{"line":53,"column":8}},"53":{"start":{"line":54,"column":0},"end":{"line":54,"column":65}},"54":{"start":{"line":55,"column":0},"end":{"line":55,"column":32}},"55":{"start":{"line":56,"column":0},"end":{"line":56,"column":51}},"56":{"start":{"line":57,"column":0},"end":{"line":57,"column":8}},"57":{"start":{"line":58,"column":0},"end":{"line":58,"column":66}},"58":{"start":{"line":59,"column":0},"end":{"line":59,"column":32}},"59":{"start":{"line":60,"column":0},"end":{"line":60,"column":46}},"60":{"start":{"line":61,"column":0},"end":{"line":61,"column":9}},"61":{"start":{"line":62,"column":0},"end":{"line":62,"column":4}},"62":{"start":{"line":63,"column":0},"end":{"line":63,"column":14}},"63":{"start":{"line":64,"column":0},"end":{"line":64,"column":54}},"64":{"start":{"line":65,"column":0},"end":{"line":65,"column":46}},"65":{"start":{"line":66,"column":0},"end":{"line":66,"column":48}},"66":{"start":{"line":67,"column":0},"end":{"line":67,"column":39}},"67":{"start":{"line":68,"column":0},"end":{"line":68,"column":3}},"68":{"start":{"line":69,"column":0},"end":{"line":69,"column":3}},"69":{"start":{"line":70,"column":0},"end":{"line":70,"column":0}},"70":{"start":{"line":71,"column":0},"end":{"line":71,"column":30}},"71":{"start":{"line":72,"column":0},"end":{"line":72,"column":25}},"72":{"start":{"line":73,"column":0},"end":{"line":73,"column":24}},"73":{"start":{"line":74,"column":0},"end":{"line":74,"column":21}},"74":{"start":{"line":75,"column":0},"end":{"line":75,"column":2}}},"s":{"0":1,"1":1,"2":1,"3":1,"4":1,"5":1,"6":1,"7":1,"8":1,"9":1,"10":1,"11":1,"12":1,"13":1,"14":1,"15":1,"16":1,"17":1,"18":1,"19":1,"20":1,"21":1,"22":1,"23":1,"24":1,"25":1,"26":1,"27":1,"28":1,"29":1,"30":1,"31":1,"32":1,"33":1,"34":1,"35":1,"36":1,"37":1,"38":1,"39":1,"40":1,"41":1,"42":2,"43":2,"44":1,"45":1,"46":1,"47":1,"48":1,"49":1,"50":1,"51":1,"52":1,"53":1,"54":2,"55":2,"56":1,"57":1,"58":1,"59":1,"60":1,"61":1,"62":1,"63":1,"64":1,"65":1,"66":1,"67":1,"68":1,"69":1,"70":1,"71":1,"72":1,"73":1,"74":1},"branchMap":{"0":{"type":"branch","line":31,"loc":{"start":{"line":31,"column":19},"end":{"line":33,"column":5}},"locations":[{"start":{"line":31,"column":19},"end":{"line":33,"column":5}}]},"1":{"type":"branch","line":35,"loc":{"start":{"line":35,"column":17},"end":{"line":62,"column":3}},"locations":[{"start":{"line":35,"column":17},"end":{"line":62,"column":3}}]},"2":{"type":"branch","line":37,"loc":{"start":{"line":37,"column":46},"end":{"line":41,"column":7}},"locations":[{"start":{"line":37,"column":46},"end":{"line":41,"column":7}}]},"3":{"type":"branch","line":42,"loc":{"start":{"line":42,"column":47},"end":{"line":45,"column":7}},"locations":[{"start":{"line":42,"column":47},"end":{"line":45,"column":7}}]},"4":{"type":"branch","line":44,"loc":{"start":{"line":44,"column":42},"end":{"line":44,"column":50}},"locations":[{"start":{"line":44,"column":42},"end":{"line":44,"column":50}}]},"5":{"type":"branch","line":46,"loc":{"start":{"line":46,"column":48},"end":{"line":49,"column":7}},"locations":[{"start":{"line":46,"column":48},"end":{"line":49,"column":7}}]},"6":{"type":"branch","line":50,"loc":{"start":{"line":50,"column":44},"end":{"line":53,"column":7}},"locations":[{"start":{"line":50,"column":44},"end":{"line":53,"column":7}}]},"7":{"type":"branch","line":54,"loc":{"start":{"line":54,"column":45},"end":{"line":57,"column":7}},"locations":[{"start":{"line":54,"column":45},"end":{"line":57,"column":7}}]},"8":{"type":"branch","line":56,"loc":{"start":{"line":56,"column":42},"end":{"line":56,"column":50}},"locations":[{"start":{"line":56,"column":42},"end":{"line":56,"column":50}}]},"9":{"type":"branch","line":58,"loc":{"start":{"line":58,"column":46},"end":{"line":61,"column":7}},"locations":[{"start":{"line":58,"column":46},"end":{"line":61,"column":7}}]}},"b":{"0":[1],"1":[1],"2":[1],"3":[2],"4":[1],"5":[1],"6":[1],"7":[2],"8":[1],"9":[1]},"fnMap":{"0":{"name":"clearNewOrder","decl":{"start":{"line":31,"column":19},"end":{"line":33,"column":5}},"loc":{"start":{"line":31,"column":19},"end":{"line":33,"column":5}},"line":31},"1":{"name":"extraReducers","decl":{"start":{"line":35,"column":17},"end":{"line":62,"column":3}},"loc":{"start":{"line":35,"column":17},"end":{"line":62,"column":3}},"line":35},"2":{"name":"selectPreviewOrder","decl":{"start":{"line":64,"column":24},"end":{"line":64,"column":40}},"loc":{"start":{"line":64,"column":24},"end":{"line":64,"column":40}},"line":64},"3":{"name":"selectNewOrder","decl":{"start":{"line":65,"column":20},"end":{"line":65,"column":36}},"loc":{"start":{"line":65,"column":20},"end":{"line":65,"column":36}},"line":65},"4":{"name":"selectIsLoading","decl":{"start":{"line":66,"column":21},"end":{"line":66,"column":37}},"loc":{"start":{"line":66,"column":21},"end":{"line":66,"column":37}},"line":66},"5":{"name":"selectError","decl":{"start":{"line":67,"column":17},"end":{"line":67,"column":33}},"loc":{"start":{"line":67,"column":17},"end":{"line":67,"column":33}},"line":67}},"f":{"0":1,"1":1,"2":0,"3":0,"4":0,"5":0}}
,"D:\\YandexPracticum\\dev\\stellar-burger-project\\src\\services\\slices\\user\\slice.ts": {"path":"D:\\YandexPracticum\\dev\\stellar-burger-project\\src\\services\\slices\\user\\slice.ts","all":false,"statementMap":{"0":{"start":{"line":1,"column":0},"end":{"line":1,"column":65}},"1":{"start":{"line":2,"column":0},"end":{"line":2,"column":8}},"2":{"start":{"line":3,"column":0},"end":{"line":3,"column":17}},"3":{"start":{"line":4,"column":0},"end":{"line":4,"column":18}},"4":{"start":{"line":5,"column":0},"end":{"line":5,"column":18}},"5":{"start":{"line":6,"column":0},"end":{"line":6,"column":38}},"6":{"start":{"line":7,"column":0},"end":{"line":7,"column":55}},"7":{"start":{"line":8,"column":0},"end":{"line":8,"column":8}},"8":{"start":{"line":9,"column":0},"end":{"line":9,"column":16}},"9":{"start":{"line":10,"column":0},"end":{"line":10,"column":18}},"10":{"start":{"line":11,"column":0},"end":{"line":11,"column":13}},"11":{"start":{"line":12,"column":0},"end":{"line":12,"column":15}},"12":{"start":{"line":13,"column":0},"end":{"line":13,"column":13}},"13":{"start":{"line":14,"column":0},"end":{"line":14,"column":16}},"14":{"start":{"line":15,"column":0},"end":{"line":15,"column":11}},"15":{"start":{"line":16,"column":0},"end":{"line":16,"column":14}},"16":{"start":{"line":17,"column":0},"end":{"line":17,"column":0}},"17":{"start":{"line":18,"column":0},"end":{"line":18,"column":53}},"18":{"start":{"line":19,"column":0},"end":{"line":19,"column":18}},"19":{"start":{"line":20,"column":0},"end":{"line":20,"column":15}},"20":{"start":{"line":21,"column":0},"end":{"line":21,"column":43}},"21":{"start":{"line":22,"column":0},"end":{"line":22,"column":0}},"22":{"start":{"line":23,"column":0},"end":{"line":23,"column":79}},"23":{"start":{"line":24,"column":0},"end":{"line":24,"column":22}},"24":{"start":{"line":25,"column":0},"end":{"line":25,"column":14}},"25":{"start":{"line":26,"column":0},"end":{"line":26,"column":2}},"26":{"start":{"line":27,"column":0},"end":{"line":27,"column":0}},"27":{"start":{"line":28,"column":0},"end":{"line":28,"column":62}},"28":{"start":{"line":29,"column":0},"end":{"line":29,"column":17}},"29":{"start":{"line":30,"column":0},"end":{"line":30,"column":12}},"30":{"start":{"line":31,"column":0},"end":{"line":31,"column":2}},"31":{"start":{"line":32,"column":0},"end":{"line":32,"column":0}},"32":{"start":{"line":33,"column":0},"end":{"line":33,"column":51}},"33":{"start":{"line":34,"column":0},"end":{"line":34,"column":18}},"34":{"start":{"line":35,"column":0},"end":{"line":35,"column":24}},"35":{"start":{"line":36,"column":0},"end":{"line":36,"column":39}},"36":{"start":{"line":37,"column":0},"end":{"line":37,"column":0}},"37":{"start":{"line":38,"column":0},"end":{"line":38,"column":51}},"38":{"start":{"line":39,"column":0},"end":{"line":39,"column":23}},"39":{"start":{"line":40,"column":0},"end":{"line":40,"column":11}},"40":{"start":{"line":41,"column":0},"end":{"line":41,"column":2}},"41":{"start":{"line":42,"column":0},"end":{"line":42,"column":0}},"42":{"start":{"line":43,"column":0},"end":{"line":43,"column":50}},"43":{"start":{"line":44,"column":0},"end":{"line":44,"column":21}},"44":{"start":{"line":45,"column":0},"end":{"line":45,"column":25}},"45":{"start":{"line":46,"column":0},"end":{"line":46,"column":2}},"46":{"start":{"line":47,"column":0},"end":{"line":47,"column":0}},"47":{"start":{"line":48,"column":0},"end":{"line":48,"column":46}},"48":{"start":{"line":49,"column":0},"end":{"line":49,"column":13}},"49":{"start":{"line":50,"column":0},"end":{"line":50,"column":23}},"50":{"start":{"line":51,"column":0},"end":{"line":51,"column":19}},"51":{"start":{"line":52,"column":0},"end":{"line":52,"column":13}},"52":{"start":{"line":53,"column":0},"end":{"line":53,"column":2}},"53":{"start":{"line":54,"column":0},"end":{"line":54,"column":0}},"54":{"start":{"line":55,"column":0},"end":{"line":55,"column":38}},"55":{"start":{"line":56,"column":0},"end":{"line":56,"column":15}},"56":{"start":{"line":57,"column":0},"end":{"line":57,"column":15}},"57":{"start":{"line":58,"column":0},"end":{"line":58,"column":13}},"58":{"start":{"line":59,"column":0},"end":{"line":59,"column":27}},"59":{"start":{"line":60,"column":0},"end":{"line":60,"column":33}},"60":{"start":{"line":61,"column":0},"end":{"line":61,"column":5}},"61":{"start":{"line":62,"column":0},"end":{"line":62,"column":4}},"62":{"start":{"line":63,"column":0},"end":{"line":63,"column":31}},"63":{"start":{"line":64,"column":0},"end":{"line":64,"column":11}},"64":{"start":{"line":65,"column":0},"end":{"line":65,"column":67}},"65":{"start":{"line":66,"column":0},"end":{"line":66,"column":32}},"66":{"start":{"line":67,"column":0},"end":{"line":67,"column":41}},"67":{"start":{"line":68,"column":0},"end":{"line":68,"column":8}},"68":{"start":{"line":69,"column":0},"end":{"line":69,"column":64}},"69":{"start":{"line":70,"column":0},"end":{"line":70,"column":32}},"70":{"start":{"line":71,"column":0},"end":{"line":71,"column":41}},"71":{"start":{"line":72,"column":0},"end":{"line":72,"column":8}},"72":{"start":{"line":73,"column":0},"end":{"line":73,"column":59}},"73":{"start":{"line":74,"column":0},"end":{"line":74,"column":32}},"74":{"start":{"line":75,"column":0},"end":{"line":75,"column":41}},"75":{"start":{"line":76,"column":0},"end":{"line":76,"column":8}},"76":{"start":{"line":77,"column":0},"end":{"line":77,"column":65}},"77":{"start":{"line":78,"column":0},"end":{"line":78,"column":32}},"78":{"start":{"line":79,"column":0},"end":{"line":79,"column":41}},"79":{"start":{"line":80,"column":0},"end":{"line":80,"column":8}},"80":{"start":{"line":81,"column":0},"end":{"line":81,"column":57}},"81":{"start":{"line":82,"column":0},"end":{"line":82,"column":32}},"82":{"start":{"line":83,"column":0},"end":{"line":83,"column":26}},"83":{"start":{"line":84,"column":0},"end":{"line":84,"column":8}},"84":{"start":{"line":85,"column":0},"end":{"line":85,"column":55}},"85":{"start":{"line":86,"column":0},"end":{"line":86,"column":31}},"86":{"start":{"line":87,"column":0},"end":{"line":87,"column":27}},"87":{"start":{"line":88,"column":0},"end":{"line":88,"column":8}},"88":{"start":{"line":89,"column":0},"end":{"line":89,"column":80}},"89":{"start":{"line":90,"column":0},"end":{"line":90,"column":32}},"90":{"start":{"line":91,"column":0},"end":{"line":91,"column":51}},"91":{"start":{"line":92,"column":0},"end":{"line":92,"column":9}},"92":{"start":{"line":93,"column":0},"end":{"line":93,"column":4}},"93":{"start":{"line":94,"column":0},"end":{"line":94,"column":14}},"94":{"start":{"line":95,"column":0},"end":{"line":95,"column":38}},"95":{"start":{"line":96,"column":0},"end":{"line":96,"column":49}},"96":{"start":{"line":97,"column":0},"end":{"line":97,"column":48}},"97":{"start":{"line":98,"column":0},"end":{"line":98,"column":39}},"98":{"start":{"line":99,"column":0},"end":{"line":99,"column":3}},"99":{"start":{"line":100,"column":0},"end":{"line":100,"column":3}},"100":{"start":{"line":101,"column":0},"end":{"line":101,"column":0}},"101":{"start":{"line":102,"column":0},"end":{"line":102,"column":28}},"102":{"start":{"line":103,"column":0},"end":{"line":103,"column":23}},"103":{"start":{"line":104,"column":0},"end":{"line":104,"column":23}},"104":{"start":{"line":105,"column":0},"end":{"line":105,"column":20}},"105":{"start":{"line":106,"column":0},"end":{"line":106,"column":21}},"106":{"start":{"line":107,"column":0},"end":{"line":107,"column":15}},"107":{"start":{"line":108,"column":0},"end":{"line":108,"column":20}},"108":{"start":{"line":109,"column":0},"end":{"line":109,"column":2}}},"s":{"0":1,"1":1,"2":1,"3":1,"4":1,"5":1,"6":1,"7":1,"8":1,"9":1,"10":1,"11":1,"12":1,"13":1,"14":1,"15":1,"16":1,"17":1,"18":1,"19":1,"20":1,"21":1,"22":1,"23":1,"24":1,"25":1,"26":1,"27":1,"28":1,"29":1,"30":1,"31":1,"32":1,"33":1,"34":1,"35":1,"36":1,"37":1,"38":1,"39":1,"40":1,"41":1,"42":1,"43":1,"44":1,"45":1,"46":1,"47":1,"48":1,"49":1,"50":1,"51":1,"52":1,"53":1,"54":1,"55":1,"56":1,"57":1,"58":1,"59":1,"60":1,"61":1,"62":1,"63":1,"64":1,"65":1,"66":1,"67":1,"68":1,"69":1,"70":1,"71":1,"72":1,"73":1,"74":1,"75":1,"76":1,"77":1,"78":1,"79":1,"80":1,"81":1,"82":1,"83":1,"84":1,"85":5,"86":5,"87":1,"88":1,"89":10,"90":10,"91":1,"92":1,"93":1,"94":1,"95":1,"96":1,"97":1,"98":1,"99":1,"100":1,"101":1,"102":1,"103":1,"104":1,"105":1,"106":1,"107":1,"108":1},"branchMap":{"0":{"type":"branch","line":59,"loc":{"start":{"line":59,"column":15},"end":{"line":61,"column":5}},"locations":[{"start":{"line":59,"column":15},"end":{"line":61,"column":5}}]},"1":{"type":"branch","line":63,"loc":{"start":{"line":63,"column":17},"end":{"line":93,"column":3}},"locations":[{"start":{"line":63,"column":17},"end":{"line":93,"column":3}}]},"2":{"type":"branch","line":65,"loc":{"start":{"line":65,"column":47},"end":{"line":68,"column":7}},"locations":[{"start":{"line":65,"column":47},"end":{"line":68,"column":7}}]},"3":{"type":"branch","line":69,"loc":{"start":{"line":69,"column":44},"end":{"line":72,"column":7}},"locations":[{"start":{"line":69,"column":44},"end":{"line":72,"column":7}}]},"4":{"type":"branch","line":73,"loc":{"start":{"line":73,"column":39},"end":{"line":76,"column":7}},"locations":[{"start":{"line":73,"column":39},"end":{"line":76,"column":7}}]},"5":{"type":"branch","line":77,"loc":{"start":{"line":77,"column":45},"end":{"line":80,"column":7}},"locations":[{"start":{"line":77,"column":45},"end":{"line":80,"column":7}}]},"6":{"type":"branch","line":81,"loc":{"start":{"line":81,"column":45},"end":{"line":84,"column":7}},"locations":[{"start":{"line":81,"column":45},"end":{"line":84,"column":7}}]},"7":{"type":"branch","line":85,"loc":{"start":{"line":85,"column":43},"end":{"line":88,"column":7}},"locations":[{"start":{"line":85,"column":43},"end":{"line":88,"column":7}}]},"8":{"type":"branch","line":89,"loc":{"start":{"line":89,"column":44},"end":{"line":92,"column":7}},"locations":[{"start":{"line":89,"column":44},"end":{"line":92,"column":7}}]},"9":{"type":"branch","line":91,"loc":{"start":{"line":91,"column":42},"end":{"line":91,"column":50}},"locations":[{"start":{"line":91,"column":42},"end":{"line":91,"column":50}}]}},"b":{"0":[1],"1":[1],"2":[1],"3":[1],"4":[1],"5":[1],"6":[1],"7":[5],"8":[10],"9":[5]},"fnMap":{"0":{"name":"authCheck","decl":{"start":{"line":59,"column":15},"end":{"line":61,"column":5}},"loc":{"start":{"line":59,"column":15},"end":{"line":61,"column":5}},"line":59},"1":{"name":"extraReducers","decl":{"start":{"line":63,"column":17},"end":{"line":93,"column":3}},"loc":{"start":{"line":63,"column":17},"end":{"line":93,"column":3}},"line":63},"2":{"name":"selectUser","decl":{"start":{"line":95,"column":16},"end":{"line":95,"column":32}},"loc":{"start":{"line":95,"column":16},"end":{"line":95,"column":32}},"line":95},"3":{"name":"selectIsAuth","decl":{"start":{"line":96,"column":18},"end":{"line":96,"column":34}},"loc":{"start":{"line":96,"column":18},"end":{"line":96,"column":34}},"line":96},"4":{"name":"selectIsLoading","decl":{"start":{"line":97,"column":21},"end":{"line":97,"column":37}},"loc":{"start":{"line":97,"column":21},"end":{"line":97,"column":37}},"line":97},"5":{"name":"selectError","decl":{"start":{"line":98,"column":17},"end":{"line":98,"column":33}},"loc":{"start":{"line":98,"column":17},"end":{"line":98,"column":33}},"line":98}},"f":{"0":1,"1":1,"2":0,"3":0,"4":0,"5":0}}
,"D:\\YandexPracticum\\dev\\stellar-burger-project\\src\\services\\slices\\user-orders\\slice.ts": {"path":"D:\\YandexPracticum\\dev\\stellar-burger-project\\src\\services\\slices\\user-orders\\slice.ts","all":false,"statementMap":{"0":{"start":{"line":1,"column":0},"end":{"line":1,"column":65}},"1":{"start":{"line":2,"column":0},"end":{"line":2,"column":56}},"2":{"start":{"line":3,"column":0},"end":{"line":3,"column":36}},"3":{"start":{"line":4,"column":0},"end":{"line":4,"column":0}},"4":{"start":{"line":5,"column":0},"end":{"line":5,"column":57}},"5":{"start":{"line":6,"column":0},"end":{"line":6,"column":26}},"6":{"start":{"line":7,"column":0},"end":{"line":7,"column":14}},"7":{"start":{"line":8,"column":0},"end":{"line":8,"column":2}},"8":{"start":{"line":9,"column":0},"end":{"line":9,"column":0}},"9":{"start":{"line":10,"column":0},"end":{"line":10,"column":56}},"10":{"start":{"line":11,"column":0},"end":{"line":11,"column":19}},"11":{"start":{"line":12,"column":0},"end":{"line":12,"column":2}},"12":{"start":{"line":13,"column":0},"end":{"line":13,"column":0}},"13":{"start":{"line":14,"column":0},"end":{"line":14,"column":52}},"14":{"start":{"line":15,"column":0},"end":{"line":15,"column":13}},"15":{"start":{"line":16,"column":0},"end":{"line":16,"column":19}},"16":{"start":{"line":17,"column":0},"end":{"line":17,"column":13}},"17":{"start":{"line":18,"column":0},"end":{"line":18,"column":2}},"18":{"start":{"line":19,"column":0},"end":{"line":19,"column":0}},"19":{"start":{"line":20,"column":0},"end":{"line":20,"column":44}},"20":{"start":{"line":21,"column":0},"end":{"line":21,"column":22}},"21":{"start":{"line":22,"column":0},"end":{"line":22,"column":15}},"22":{"start":{"line":23,"column":0},"end":{"line":23,"column":15}},"23":{"start":{"line":24,"column":0},"end":{"line":24,"column":31}},"24":{"start":{"line":25,"column":0},"end":{"line":25,"column":11}},"25":{"start":{"line":26,"column":0},"end":{"line":26,"column":51}},"26":{"start":{"line":27,"column":0},"end":{"line":27,"column":31}},"27":{"start":{"line":28,"column":0},"end":{"line":28,"column":27}},"28":{"start":{"line":29,"column":0},"end":{"line":29,"column":8}},"29":{"start":{"line":30,"column":0},"end":{"line":30,"column":60}},"30":{"start":{"line":31,"column":0},"end":{"line":31,"column":32}},"31":{"start":{"line":32,"column":0},"end":{"line":32,"column":51}},"32":{"start":{"line":33,"column":0},"end":{"line":33,"column":8}},"33":{"start":{"line":34,"column":0},"end":{"line":34,"column":61}},"34":{"start":{"line":35,"column":0},"end":{"line":35,"column":32}},"35":{"start":{"line":36,"column":0},"end":{"line":36,"column":38}},"36":{"start":{"line":37,"column":0},"end":{"line":37,"column":9}},"37":{"start":{"line":38,"column":0},"end":{"line":38,"column":4}},"38":{"start":{"line":39,"column":0},"end":{"line":39,"column":14}},"39":{"start":{"line":40,"column":0},"end":{"line":40,"column":42}},"40":{"start":{"line":41,"column":0},"end":{"line":41,"column":48}},"41":{"start":{"line":42,"column":0},"end":{"line":42,"column":39}},"42":{"start":{"line":43,"column":0},"end":{"line":43,"column":3}},"43":{"start":{"line":44,"column":0},"end":{"line":44,"column":3}},"44":{"start":{"line":45,"column":0},"end":{"line":45,"column":0}},"45":{"start":{"line":46,"column":0},"end":{"line":46,"column":34}},"46":{"start":{"line":47,"column":0},"end":{"line":47,"column":29}},"47":{"start":{"line":48,"column":0},"end":{"line":48,"column":16}},"48":{"start":{"line":49,"column":0},"end":{"line":49,"column":2}}},"s":{"0":1,"1":1,"2":1,"3":1,"4":1,"5":1,"6":1,"7":1,"8":1,"9":1,"10":1,"11":1,"12":1,"13":1,"14":1,"15":1,"16":1,"17":1,"18":1,"19":1,"20":1,"21":1,"22":1,"23":1,"24":1,"25":1,"26":1,"27":1,"28":1,"29":1,"30":2,"31":2,"32":1,"33":1,"34":1,"35":1,"36":1,"37":1,"38":1,"39":1,"40":1,"41":1,"42":1,"43":1,"44":1,"45":1,"46":1,"47":1,"48":1},"branchMap":{"0":{"type":"branch","line":24,"loc":{"start":{"line":24,"column":17},"end":{"line":38,"column":3}},"locations":[{"start":{"line":24,"column":17},"end":{"line":38,"column":3}}]},"1":{"type":"branch","line":26,"loc":{"start":{"line":26,"column":39},"end":{"line":29,"column":7}},"locations":[{"start":{"line":26,"column":39},"end":{"line":29,"column":7}}]},"2":{"type":"branch","line":30,"loc":{"start":{"line":30,"column":40},"end":{"line":33,"column":7}},"locations":[{"start":{"line":30,"column":40},"end":{"line":33,"column":7}}]},"3":{"type":"branch","line":32,"loc":{"start":{"line":32,"column":42},"end":{"line":32,"column":50}},"locations":[{"start":{"line":32,"column":42},"end":{"line":32,"column":50}}]},"4":{"type":"branch","line":34,"loc":{"start":{"line":34,"column":41},"end":{"line":37,"column":7}},"locations":[{"start":{"line":34,"column":41},"end":{"line":37,"column":7}}]}},"b":{"0":[1],"1":[1],"2":[2],"3":[1],"4":[1]},"fnMap":{"0":{"name":"extraReducers","decl":{"start":{"line":24,"column":17},"end":{"line":38,"column":3}},"loc":{"start":{"line":24,"column":17},"end":{"line":38,"column":3}},"line":24},"1":{"name":"selectOrders","decl":{"start":{"line":40,"column":18},"end":{"line":40,"column":34}},"loc":{"start":{"line":40,"column":18},"end":{"line":40,"column":34}},"line":40},"2":{"name":"selectIsLoading","decl":{"start":{"line":41,"column":21},"end":{"line":41,"column":37}},"loc":{"start":{"line":41,"column":21},"end":{"line":41,"column":37}},"line":41},"3":{"name":"selectError","decl":{"start":{"line":42,"column":17},"end":{"line":42,"column":33}},"loc":{"start":{"line":42,"column":17},"end":{"line":42,"column":33}},"line":42}},"f":{"0":1,"1":0,"2":0,"3":0}}
}
