TN:
SF:src\services\root-reducer.ts
FNF:0
FNH:0
DA:1,1
DA:2,1
DA:3,1
DA:4,1
DA:5,1
DA:6,1
DA:7,1
DA:8,1
DA:9,1
DA:10,1
DA:11,1
DA:12,1
DA:13,1
DA:14,1
DA:15,1
DA:16,1
DA:17,1
DA:18,1
LF:18
LH:18
BRF:0
BRH:0
end_of_record
TN:
SF:src\services\slices\burger-constructor\slice.ts
FN:19,prepare
FN:22,reducer
FN:27,removeIngredient
FN:32,reorderIngredients
FN:41,clearIngredients
FN:44,selectIngredients
FNF:6
FNH:5
FNDA:2,prepare
FNDA:2,reducer
FNDA:1,removeIngredient
FNDA:1,reorderIngredients
FNDA:1,clearIngredients
FNDA:0,selectIngredients
DA:1,1
DA:2,1
DA:3,1
DA:4,1
DA:5,1
DA:6,1
DA:7,1
DA:8,1
DA:9,1
DA:10,1
DA:11,1
DA:12,1
DA:13,1
DA:14,1
DA:15,1
DA:16,1
DA:17,1
DA:18,1
DA:19,1
DA:20,1
DA:21,1
DA:22,1
DA:23,2
DA:24,1
DA:25,2
DA:26,1
DA:27,1
DA:28,1
DA:29,1
DA:30,1
DA:31,1
DA:32,1
DA:33,1
DA:34,1
DA:35,1
DA:36,1
DA:37,1
DA:38,1
DA:39,1
DA:40,1
DA:41,1
DA:42,1
DA:43,1
DA:44,1
DA:45,1
DA:46,1
DA:47,1
DA:48,1
DA:49,1
DA:50,1
LF:50
LH:50
BRDA:19,0,0,2
BRDA:22,1,0,2
BRDA:23,2,0,1
BRDA:27,3,0,1
BRDA:29,4,0,3
BRDA:32,5,0,1
BRDA:41,6,0,1
BRF:7
BRH:7
end_of_record
TN:
SF:src\services\slices\feed\slice.ts
FN:24,extraReducers
FN:42,selectOrders
FN:43,selectTotal
FN:44,selectTotalToday
FN:45,selectIsLoading
FN:46,selectError
FNF:6
FNH:1
FNDA:2,extraReducers
FNDA:0,selectOrders
FNDA:0,selectTotal
FNDA:0,selectTotalToday
FNDA:0,selectIsLoading
FNDA:0,selectError
DA:1,1
DA:2,1
DA:3,1
DA:4,1
DA:5,1
DA:6,1
DA:7,1
DA:8,1
DA:9,1
DA:10,1
DA:11,1
DA:12,1
DA:13,1
DA:14,1
DA:15,1
DA:16,1
DA:17,1
DA:18,1
DA:19,1
DA:20,1
DA:21,1
DA:22,1
DA:23,1
DA:24,1
DA:25,2
DA:26,2
DA:27,1
DA:28,1
DA:29,2
DA:30,2
DA:31,2
DA:32,2
DA:33,2
DA:34,2
DA:35,1
DA:36,1
DA:37,1
DA:38,1
DA:39,2
DA:40,1
DA:41,1
DA:42,1
DA:43,1
DA:44,1
DA:45,1
DA:46,1
DA:47,1
DA:48,1
DA:49,1
DA:50,1
DA:51,1
DA:52,1
DA:53,1
LF:53
LH:53
BRDA:24,0,0,2
BRDA:26,1,0,1
BRDA:30,2,0,2
BRDA:32,3,0,1
BRDA:34,4,0,1
BRF:5
BRH:5
end_of_record
TN:
SF:src\services\slices\ingredients\slice.ts
FN:24,extraReducers
FN:40,selectIngredients
FN:41,selectIsLoading
FN:42,selectError
FNF:4
FNH:1
FNDA:2,extraReducers
FNDA:0,selectIngredients
FNDA:0,selectIsLoading
FNDA:0,selectError
DA:1,1
DA:2,1
DA:3,1
DA:4,1
DA:5,1
DA:6,1
DA:7,1
DA:8,1
DA:9,1
DA:10,1
DA:11,1
DA:12,1
DA:13,1
DA:14,1
DA:15,1
DA:16,1
DA:17,1
DA:18,1
DA:19,1
DA:20,1
DA:21,1
DA:22,1
DA:23,1
DA:24,1
DA:25,2
DA:26,2
DA:27,1
DA:28,1
DA:29,2
DA:30,2
DA:31,2
DA:32,2
DA:33,2
DA:34,2
DA:35,1
DA:36,1
DA:37,2
DA:38,1
DA:39,1
DA:40,1
DA:41,1
DA:42,1
DA:43,1
DA:44,1
DA:45,1
DA:46,1
DA:47,1
DA:48,1
DA:49,1
LF:49
LH:49
BRDA:24,0,0,2
BRDA:26,1,0,1
BRDA:30,2,0,2
BRDA:32,3,0,1
BRDA:34,4,0,1
BRF:5
BRH:5
end_of_record
TN:
SF:src\services\slices\orders\slice.ts
FN:31,clearNewOrder
FN:35,extraReducers
FN:64,selectPreviewOrder
FN:65,selectNewOrder
FN:66,selectIsLoading
FN:67,selectError
FNF:6
FNH:2
FNDA:1,clearNewOrder
FNDA:2,extraReducers
FNDA:0,selectPreviewOrder
FNDA:0,selectNewOrder
FNDA:0,selectIsLoading
FNDA:0,selectError
DA:1,1
DA:2,1
DA:3,1
DA:4,1
DA:5,1
DA:6,1
DA:7,1
DA:8,1
DA:9,1
DA:10,1
DA:11,1
DA:12,1
DA:13,1
DA:14,1
DA:15,1
DA:16,1
DA:17,1
DA:18,1
DA:19,1
DA:20,1
DA:21,1
DA:22,1
DA:23,1
DA:24,1
DA:25,1
DA:26,1
DA:27,1
DA:28,1
DA:29,1
DA:30,1
DA:31,1
DA:32,1
DA:33,1
DA:34,1
DA:35,1
DA:36,2
DA:37,2
DA:38,1
DA:39,1
DA:40,1
DA:41,2
DA:42,2
DA:43,2
DA:44,2
DA:45,2
DA:46,2
DA:47,1
DA:48,1
DA:49,2
DA:50,2
DA:51,1
DA:52,1
DA:53,2
DA:54,2
DA:55,2
DA:56,2
DA:57,2
DA:58,2
DA:59,1
DA:60,1
DA:61,2
DA:62,1
DA:63,1
DA:64,1
DA:65,1
DA:66,1
DA:67,1
DA:68,1
DA:69,1
DA:70,1
DA:71,1
DA:72,1
DA:73,1
DA:74,1
DA:75,1
LF:75
LH:75
BRDA:31,0,0,1
BRDA:35,1,0,2
BRDA:37,2,0,1
BRDA:42,3,0,2
BRDA:44,4,0,1
BRDA:46,5,0,1
BRDA:50,6,0,1
BRDA:54,7,0,2
BRDA:56,8,0,1
BRDA:58,9,0,1
BRF:10
BRH:10
end_of_record
TN:
SF:src\services\slices\user\slice.ts
FN:59,authCheck
FN:63,extraReducers
FN:95,selectUser
FN:96,selectIsAuth
FN:97,selectIsLoading
FN:98,selectError
FNF:6
FNH:2
FNDA:1,authCheck
FNDA:2,extraReducers
FNDA:0,selectUser
FNDA:0,selectIsAuth
FNDA:0,selectIsLoading
FNDA:0,selectError
DA:1,1
DA:2,1
DA:3,1
DA:4,1
DA:5,1
DA:6,1
DA:7,1
DA:8,1
DA:9,1
DA:10,1
DA:11,1
DA:12,1
DA:13,1
DA:14,1
DA:15,1
DA:16,1
DA:17,1
DA:18,1
DA:19,1
DA:20,1
DA:21,1
DA:22,1
DA:23,1
DA:24,1
DA:25,1
DA:26,1
DA:27,1
DA:28,1
DA:29,1
DA:30,1
DA:31,1
DA:32,1
DA:33,1
DA:34,1
DA:35,1
DA:36,1
DA:37,1
DA:38,1
DA:39,1
DA:40,1
DA:41,1
DA:42,1
DA:43,1
DA:44,1
DA:45,1
DA:46,1
DA:47,1
DA:48,1
DA:49,1
DA:50,1
DA:51,1
DA:52,1
DA:53,1
DA:54,1
DA:55,1
DA:56,1
DA:57,1
DA:58,1
DA:59,1
DA:60,1
DA:61,1
DA:62,1
DA:63,1
DA:64,2
DA:65,2
DA:66,1
DA:67,1
DA:68,2
DA:69,2
DA:70,1
DA:71,1
DA:72,2
DA:73,2
DA:74,1
DA:75,1
DA:76,2
DA:77,2
DA:78,1
DA:79,1
DA:80,2
DA:81,2
DA:82,1
DA:83,1
DA:84,2
DA:85,2
DA:86,5
DA:87,5
DA:88,2
DA:89,2
DA:90,10
DA:91,10
DA:92,2
DA:93,1
DA:94,1
DA:95,1
DA:96,1
DA:97,1
DA:98,1
DA:99,1
DA:100,1
DA:101,1
DA:102,1
DA:103,1
DA:104,1
DA:105,1
DA:106,1
DA:107,1
DA:108,1
DA:109,1
LF:109
LH:109
BRDA:59,0,0,1
BRDA:63,1,0,2
BRDA:65,2,0,1
BRDA:69,3,0,1
BRDA:73,4,0,1
BRDA:77,5,0,1
BRDA:81,6,0,1
BRDA:85,7,0,5
BRDA:89,8,0,10
BRDA:91,9,0,5
BRF:10
BRH:10
end_of_record
TN:
SF:src\services\slices\user-orders\slice.ts
FN:24,extraReducers
FN:40,selectOrders
FN:41,selectIsLoading
FN:42,selectError
FNF:4
FNH:1
FNDA:2,extraReducers
FNDA:0,selectOrders
FNDA:0,selectIsLoading
FNDA:0,selectError
DA:1,1
DA:2,1
DA:3,1
DA:4,1
DA:5,1
DA:6,1
DA:7,1
DA:8,1
DA:9,1
DA:10,1
DA:11,1
DA:12,1
DA:13,1
DA:14,1
DA:15,1
DA:16,1
DA:17,1
DA:18,1
DA:19,1
DA:20,1
DA:21,1
DA:22,1
DA:23,1
DA:24,1
DA:25,2
DA:26,2
DA:27,1
DA:28,1
DA:29,2
DA:30,2
DA:31,2
DA:32,2
DA:33,2
DA:34,2
DA:35,1
DA:36,1
DA:37,2
DA:38,1
DA:39,1
DA:40,1
DA:41,1
DA:42,1
DA:43,1
DA:44,1
DA:45,1
DA:46,1
DA:47,1
DA:48,1
DA:49,1
LF:49
LH:49
BRDA:24,0,0,2
BRDA:26,1,0,1
BRDA:30,2,0,2
BRDA:32,3,0,1
BRDA:34,4,0,1
BRF:5
BRH:5
end_of_record
